<?xml version="1.0" encoding="UTF-8"?>
<!-- Generated by org.testng.reporters.JUnitReportReporter -->
<testsuite hostname="DESKTOP-F5D0N14" failures="0" tests="1" name="com.testcases.Customer_Test" time="16.908" errors="0" timestamp="2023-10-09T10:23:05 IST" skipped="0">
  <testcase classname="com.testcases.Customer_Test" name="verifyCustomer" time="16.908"/>
</testsuite> <!-- com.testcases.Customer_Test -->
